<?xml version="1.0" encoding="UTF-8"?>
<testsuites name="SampleTestSuite1" time="16" tests="2" failures="0" errors="0">
   <testsuite name="SampleTestSuite1" tests="2" failures="0" errors="0" time="16" timestamp="2018-05-02 21:27:15" hostname="sivakumar - Shiva" id="Test Suites/SampleTestSuite1">
      <properties>
         <property name="deviceName" value=""/>
         <property name="devicePlatform" value=""/>
         <property name="logFolder" value="C:\\Users\\sivakumar\\git\\KatalonGitTest\\Reports\\SampleTestSuite1\\20180502_212711"/>
         <property name="logFiles" value="C:\\Users\\sivakumar\\git\\KatalonGitTest\\Reports\\SampleTestSuite1\\20180502_212711\\execution0.log"/>
         <property name="attachments" value=""/>
         <property name="hostName" value="sivakumar - Shiva"/>
         <property name="os" value="Windows 10 64bit"/>
         <property name="katalonVersion" value="5.4.1.1"/>
         <property name="browser" value="Chrome 66.0.3359.139"/>
         <property name="hostAddress" value="192.168.99.1"/>
         <property name="sessionId" value="f509e4d95581ee7157833afe13148e0a"/>
         <property name="seleniumVersion" value="3.7.1"/>
         <property name="proxyInformation" value="ProxyInformation{proxyOption=NO_PROXY, proxyServerType=HTTP, password=, proxyServerAddress=, proxyServerPort=0}"/>
         <property name="platform" value="Windows 10"/>
      </properties>
      <testcase name="Test Cases/SampleTC1" classname="Test Cases/SampleTC1" status="PASSED">
         <system-out><![CDATA[2018-05-02 21:27:16 - [TEST_CASE][PASSED] - Test Cases/SampleTC1: Test Cases/SampleTC1

2018-05-02 21:27:17 - [TEST_STEP][PASSED] - openBrowser: Browser is opened with url: 'www.gmail.com'

2018-05-02 21:27:24 - [MESSAGE][PASSED] - Browser is opened with url: 'www.gmail.com'

2018-05-02 21:27:24 - [TEST_STEP][PASSED] - closeBrowser: Browser is closed

2018-05-02 21:27:25 - [MESSAGE][PASSED] - Browser is closed]]></system-out>
         <system-err><![CDATA[]]></system-err>
      </testcase>
      <testcase name="Test Cases/SampleTC2" classname="Test Cases/SampleTC2" status="PASSED">
         <system-out><![CDATA[2018-05-02 21:27:25 - [TEST_CASE][PASSED] - Test Cases/SampleTC2: Test Cases/SampleTC2

2018-05-02 21:27:25 - [TEST_STEP][PASSED] - openBrowser: Browser is opened with url: 'www.yahoo.com'

2018-05-02 21:27:31 - [MESSAGE][PASSED] - Browser is opened with url: 'www.yahoo.com'

2018-05-02 21:27:31 - [TEST_STEP][PASSED] - closeBrowser: Browser is closed

2018-05-02 21:27:32 - [MESSAGE][PASSED] - Browser is closed]]></system-out>
         <system-err><![CDATA[]]></system-err>
      </testcase>
      <system-out><![CDATA[2018-05-02 21:27:15 - [TEST_SUITE][PASSED] - SampleTestSuite1: Test Cases/SampleTC2]]></system-out>
      <system-err><![CDATA[]]></system-err>
   </testsuite>
</testsuites>
